[14Nov2024 23:09:51.340] [main/INFO] [cpw.mods.modlauncher.Launcher/MODLAUNCHER]: ModLauncher running: args [--launchTarget, forgeclientuserdev, --version, 21.0.143, --assetIndex, asset-index, --assetsDir, C:\Users\Vikto\.gradle\caches\minecraft\assets\1.21, --gameDir, ., --fml.neoForgeVersion, 21.0.143, --fml.fmlVersion, 4.0.21, --fml.mcVersion, 1.21, --fml.neoFormVersion, 20240613.152323]
[14Nov2024 23:09:51.343] [main/INFO] [cpw.mods.modlauncher.Launcher/MODLAUNCHER]: JVM identified as Amazon.com Inc. OpenJDK 64-Bit Server VM 21.0.5+11-LTS
[14Nov2024 23:09:51.345] [main/INFO] [cpw.mods.modlauncher.Launcher/MODLAUNCHER]: ModLauncher 11.0.4+main.d2e20e43 starting: java version 21.0.5 by Amazon.com Inc.; OS Windows 11 arch amd64 version 10.0
[14Nov2024 23:09:51.500] [main/WARN] [net.neoforged.fml.loading.FMLConfig/CORE]: Configuration file D:\Minecraft\Mods\MekanismAsNails\runs\client\config\fml.toml is not correct. Correcting
[14Nov2024 23:09:51.502] [main/INFO] [net.neoforged.fml.loading.FMLConfig/CORE]: Incorrect key [disableConfigWatcher] was corrected from null to false
[14Nov2024 23:09:51.502] [main/INFO] [net.neoforged.fml.loading.FMLConfig/CORE]: Incorrect key [earlyWindowSkipGLVersions] was corrected from null to []
[14Nov2024 23:09:51.503] [main/INFO] [net.neoforged.fml.loading.FMLConfig/CORE]: Incorrect key [earlyWindowSquir] was corrected from null to false
[14Nov2024 23:09:51.544] [main/INFO] [net.neoforged.fml.loading.ImmediateWindowHandler/]: Loading ImmediateWindowProvider fmlearlywindow
[14Nov2024 23:09:51.651] [main/INFO] [EARLYDISPLAY/]: Trying GL version 4.6
[14Nov2024 23:09:51.962] [main/INFO] [EARLYDISPLAY/]: Requested GL version 4.6 got version 4.6
[14Nov2024 23:09:52.067] [main/INFO] [mixin/]: SpongePowered MIXIN Subsystem Version=0.8.6 Source=union:/C:/Users/Vikto/.gradle/caches/modules-2/files-2.1/net.fabricmc/sponge-mixin/0.14.0+mixin.0.8.6/c265173c84346e9e5d42a2384b2b02bd39a4a899/sponge-mixin-0.14.0+mixin.0.8.6.jar%23135!/ Service=ModLauncher Env=CLIENT
[14Nov2024 23:09:52.277] [main/INFO] [net.neoforged.fml.loading.moddiscovery.ModDiscoverer/SCAN]: Found mod file "neoforge-21.0.143.jar" [locator: neoforge devenv provider ([D:\Minecraft\Mods\MekanismAsNails\.gradle\repositories\ng_dummy_ng\net\neoforged\neoforge\21.0.143\neoforge-21.0.143.jar])]
[14Nov2024 23:09:52.292] [pool-2-thread-1/INFO] [EARLYDISPLAY/]: GL info: NVIDIA GeForce RTX 3060/PCIe/SSE2 GL version 4.6.0 NVIDIA 560.94, NVIDIA Corporation
[14Nov2024 23:09:52.303] [main/INFO] [net.neoforged.fml.loading.moddiscovery.ModDiscoverer/SCAN]: Found mod file "neoforge-21.0.143.jar" [locator: neoforge devenv provider ([D:\Minecraft\Mods\MekanismAsNails\.gradle\repositories\ng_dummy_ng\net\neoforged\neoforge\21.0.143\neoforge-21.0.143.jar])]
[14Nov2024 23:09:52.315] [main/INFO] [net.neoforged.fml.loading.moddiscovery.ModDiscoverer/SCAN]: Found mod file "main" [locator: userdev mods and services, reader: mod manifest]
[14Nov2024 23:09:52.327] [main/INFO] [net.neoforged.fml.loading.moddiscovery.ModDiscoverer/SCAN]: Found mod file "neoforge-21.0.143.jar" [locator: userdev mods and services, reader: mod manifest]
[14Nov2024 23:09:52.332] [main/INFO] [net.neoforged.fml.loading.moddiscovery.ModDiscoverer/SCAN]: Found mod file "glitchcore-2.0.0.2-neoforge.jar" [locator: userdev mods and services, reader: mod manifest]
[14Nov2024 23:09:52.336] [main/INFO] [net.neoforged.fml.loading.moddiscovery.ModDiscoverer/SCAN]: Found mod file "tough-as-nails-10.0.0.5-neoforge.jar" [locator: userdev mods and services, reader: mod manifest]
[14Nov2024 23:09:52.347] [main/INFO] [net.neoforged.fml.loading.moddiscovery.ModDiscoverer/SCAN]: Found mod file "mekanism-10.6.7.54.jar" [locator: userdev mods and services, reader: mod manifest]
[14Nov2024 23:09:52.368] [main/INFO] [net.neoforged.fml.loading.moddiscovery.ModDiscoverer/SCAN]: Found mod file "jade-15.0.4+neoforge.jar" [locator: userdev mods and services, reader: mod manifest]
[14Nov2024 23:09:52.375] [main/INFO] [net.neoforged.fml.loading.moddiscovery.ModDiscoverer/SCAN]: Found mod file "emi-1.1.10+1.21+neoforge.jar" [locator: userdev mods and services, reader: mod manifest]
[14Nov2024 23:09:52.402] [main/INFO] [net.neoforged.fml.loading.moddiscovery.ModDiscoverer/SCAN]: Found gamelibrary file "mixinextras-neoforge-0.3.5.jar" [locator: userdev mods and services, reader: mod manifest]
[14Nov2024 23:09:52.640] [main/WARN] [net.neoforged.jarjar.selection.JarSelector/]: Attempted to select a dependency jar for JarJar which was passed in as source: mixinextras-neoforge-0.3.5.jar. Using Mod File: C:\Users\Vikto\.gradle\caches\modules-2\files-2.1\io.github.llamalad7\mixinextras-neoforge\0.3.5\ef3ffcf309dae656517b2f120189b1c9b21737dd\mixinextras-neoforge-0.3.5.jar
[14Nov2024 23:09:52.640] [main/INFO] [net.neoforged.fml.loading.moddiscovery.locators.JarInJarDependencyLocator/]: No dependencies to load found. Skipping!
[14Nov2024 23:09:52.880] [main/INFO] [net.neoforged.fml.loading.FMLServiceProvider/CORE]: Loading coremod script-engine for [neoforge]
[14Nov2024 23:09:54.386] [main/INFO] [mixin/]: Compatibility level set to JAVA_17
[14Nov2024 23:09:54.403] [main/INFO] [cpw.mods.modlauncher.LaunchServiceHandler/MODLAUNCHER]: Launching target 'forgeclientuserdev' with arguments [--version, 21.0.143, --gameDir, ., --assetsDir, C:\Users\Vikto\.gradle\caches\minecraft\assets\1.21, --assetIndex, asset-index]
[14Nov2024 23:09:54.496] [main/WARN] [mixin/]: Reference map 'glitchcore.refmap.json' for glitchcore.mixins.json could not be read. If this is a development environment you can ignore this message
[14Nov2024 23:09:54.496] [main/WARN] [mixin/]: Reference map 'glitchcore.refmap.json' for glitchcore.neoforge.mixins.json could not be read. If this is a development environment you can ignore this message
[14Nov2024 23:09:54.497] [main/WARN] [mixin/]: Reference map 'toughasnails.refmap.json' for toughasnails.mixins.json could not be read. If this is a development environment you can ignore this message
[14Nov2024 23:09:54.497] [main/WARN] [mixin/]: Reference map 'toughasnails.refmap.json' for toughasnails.neoforge.mixins.json could not be read. If this is a development environment you can ignore this message
[14Nov2024 23:09:54.710] [main/WARN] [mixin/]: Error loading class: mezz/jei/library/load/PluginCaller (java.lang.ClassNotFoundException: mezz.jei.library.load.PluginCaller)
[14Nov2024 23:09:54.878] [main/INFO] [MixinExtras|Service/]: Initializing MixinExtras via com.llamalad7.mixinextras.service.MixinExtrasServiceImpl(version=0.3.5).
[14Nov2024 23:09:56.416] [Datafixer Bootstrap/INFO] [com.mojang.datafixers.DataFixerBuilder/]: 229 Datafixer optimizations took 229 milliseconds
[14Nov2024 23:10:01.764] [main/WARN] [net.minecraft.commands.Commands/]: Ambiguity between arguments [teleport, location] and [teleport, destination] with inputs: [0.1 -0.5 .9, 0 0 0]
[14Nov2024 23:10:01.765] [main/WARN] [net.minecraft.commands.Commands/]: Ambiguity between arguments [teleport, location] and [teleport, targets] with inputs: [0.1 -0.5 .9, 0 0 0]
[14Nov2024 23:10:01.767] [main/WARN] [net.minecraft.commands.Commands/]: Ambiguity between arguments [teleport, destination] and [teleport, targets] with inputs: [Player, 0123, @e, dd12be42-52a9-4a91-a8a1-11c01849e498]
[14Nov2024 23:10:01.767] [main/WARN] [net.minecraft.commands.Commands/]: Ambiguity between arguments [teleport, targets] and [teleport, destination] with inputs: [Player, 0123, dd12be42-52a9-4a91-a8a1-11c01849e498]
[14Nov2024 23:10:01.768] [main/WARN] [net.minecraft.commands.Commands/]: Ambiguity between arguments [teleport, targets, location] and [teleport, targets, destination] with inputs: [0.1 -0.5 .9, 0 0 0]
[14Nov2024 23:10:01.913] [Render thread/WARN] [net.minecraft.server.packs.VanillaPackResourcesBuilder/]: Assets URL 'union:/D:/Minecraft/Mods/MekanismAsNails/.gradle/repositories/ng_dummy_ng/net/neoforged/neoforge/21.0.143/neoforge-21.0.143.jar%23189!/assets/.mcassetsroot' uses unexpected schema
[14Nov2024 23:10:01.913] [Render thread/WARN] [net.minecraft.server.packs.VanillaPackResourcesBuilder/]: Assets URL 'union:/D:/Minecraft/Mods/MekanismAsNails/.gradle/repositories/ng_dummy_ng/net/neoforged/neoforge/21.0.143/neoforge-21.0.143.jar%23189!/data/.mcassetsroot' uses unexpected schema
[14Nov2024 23:10:01.956] [Render thread/INFO] [com.mojang.authlib.yggdrasil.YggdrasilAuthenticationService/]: Environment: Environment[sessionHost=https://sessionserver.mojang.com, servicesHost=https://api.minecraftservices.com, name=PROD]
[14Nov2024 23:10:01.964] [Render thread/INFO] [net.minecraft.client.Minecraft/]: Setting user: Dev
[14Nov2024 23:10:02.021] [Render thread/INFO] [net.minecraft.client.Minecraft/]: Backend library: LWJGL version 3.3.3+5
[14Nov2024 23:10:02.350] [modloading-worker-0/INFO] [net.neoforged.neoforge.common.NeoForgeMod/NEOFORGE-MOD]: NeoForge mod loading, version 21.0.143, for MC 1.21
[14Nov2024 23:10:02.381] [modloading-worker-0/INFO] [glitchcore/]: Registered synced config with path toughasnails/thirst.toml
[14Nov2024 23:10:02.381] [modloading-worker-0/INFO] [glitchcore/]: Registered synced config with path toughasnails/temperature.toml
[14Nov2024 23:10:04.805] [Render thread/INFO] [net.neoforged.neoforge.gametest.GameTestHooks/]: Enabled Gametest Namespaces: []
[14Nov2024 23:10:05.094] [Render thread/INFO] [net.minecraft.server.packs.resources.ReloadableResourceManager/]: Reloading ResourceManager: vanilla, mod_resources, mod/emi, mod/mekanism, mod/glitchcore, mod/toughasnails, mod/jade, mod/neoforge, mod/mekanismasnails
[14Nov2024 23:10:05.116] [Worker-Main-1/INFO] [mekanism.common.Mekanism/]: Version 10.6.7 initializing...
[14Nov2024 23:10:05.134] [Worker-Main-1/INFO] [mekanism.common.Mekanism/]: Initialized HolidayManager.
[14Nov2024 23:10:05.235] [Worker-Main-1/INFO] [mekanism.common.Mekanism/]: Fake player readout: UUID = 46e82cd0-d480-3d48-800a-77431ede078e, name = [Mekanism]
[14Nov2024 23:10:05.235] [Worker-Main-1/INFO] [mekanism.common.Mekanism/]: Mod loaded.
[14Nov2024 23:10:05.303] [Worker-Main-10/INFO] [net.minecraft.client.gui.font.providers.UnihexProvider/]: Found unifont_all_no_pua-15.1.05.hex, loading
[14Nov2024 23:10:05.417] [Worker-Main-12/INFO] [net.minecraft.client.gui.font.providers.UnihexProvider/]: Found unifont_jp_patch-15.1.05.hex, loading
[14Nov2024 23:10:06.927] [Worker-Main-12/WARN] [net.minecraft.client.resources.model.ModelManager/]: Missing textures in model mekanismasnails:module_thermoregulator_unit#inventory:
    minecraft:textures/atlas/blocks.png:toughasmekanism:item/module_thermoregulator_unit
[14Nov2024 23:10:06.929] [Worker-Main-12/WARN] [net.minecraft.client.resources.model.ModelManager/]: Missing textures in model mekanismasnails:module_hydration_unit#inventory:
    minecraft:textures/atlas/blocks.png:toughasmekanism:item/module_hydration_unit
[14Nov2024 23:10:07.113] [Worker-Main-12/INFO] [snownee.jade.Jade/]: Start loading plugin from mekanism.common.integration.lookingat.jade.MekanismJadePlugin
[14Nov2024 23:10:07.137] [Worker-Main-12/INFO] [snownee.jade.Jade/]: Bootstrapped plugin from mekanism.common.integration.lookingat.jade.MekanismJadePlugin in 21.96 ms
[14Nov2024 23:10:07.140] [Worker-Main-12/INFO] [snownee.jade.Jade/]: Loaded plugin from mekanism.common.integration.lookingat.jade.MekanismJadePlugin in 25.58 ms
[14Nov2024 23:10:07.140] [Worker-Main-12/INFO] [snownee.jade.Jade/]: Start loading plugin from snownee.jade.addon.vanilla.VanillaPlugin
[14Nov2024 23:10:07.162] [Worker-Main-12/INFO] [snownee.jade.Jade/]: Bootstrapped plugin from snownee.jade.addon.vanilla.VanillaPlugin in 20.80 ms
[14Nov2024 23:10:07.165] [Worker-Main-12/INFO] [snownee.jade.Jade/]: Loaded plugin from snownee.jade.addon.vanilla.VanillaPlugin in 23.59 ms
[14Nov2024 23:10:07.165] [Worker-Main-12/INFO] [snownee.jade.Jade/]: Start loading plugin from snownee.jade.addon.universal.UniversalPlugin
[14Nov2024 23:10:07.169] [Worker-Main-12/INFO] [snownee.jade.Jade/]: Bootstrapped plugin from snownee.jade.addon.universal.UniversalPlugin in 3.129 ms
[14Nov2024 23:10:07.169] [Worker-Main-12/INFO] [snownee.jade.Jade/]: Loaded plugin from snownee.jade.addon.universal.UniversalPlugin in 3.521 ms
[14Nov2024 23:10:07.169] [Worker-Main-12/INFO] [snownee.jade.Jade/]: Start loading plugin from snownee.jade.addon.debug.DebugPlugin
[14Nov2024 23:10:07.171] [Worker-Main-12/INFO] [snownee.jade.Jade/]: Bootstrapped plugin from snownee.jade.addon.debug.DebugPlugin in 1.708 ms
[14Nov2024 23:10:07.172] [Worker-Main-12/INFO] [snownee.jade.Jade/]: Loaded plugin from snownee.jade.addon.debug.DebugPlugin in 1.969 ms
[14Nov2024 23:10:07.172] [Worker-Main-12/INFO] [snownee.jade.Jade/]: Start loading plugin from snownee.jade.addon.core.CorePlugin
[14Nov2024 23:10:07.175] [Worker-Main-12/INFO] [snownee.jade.Jade/]: Bootstrapped plugin from snownee.jade.addon.core.CorePlugin in 2.978 ms
[14Nov2024 23:10:07.175] [Worker-Main-12/INFO] [snownee.jade.Jade/]: Loaded plugin from snownee.jade.addon.core.CorePlugin in 3.172 ms
[14Nov2024 23:10:07.397] [Render thread/WARN] [net.minecraft.client.sounds.SoundEngine/]: Missing sound for event: minecraft:item.goat_horn.play
[14Nov2024 23:10:07.397] [Render thread/WARN] [net.minecraft.client.sounds.SoundEngine/]: Missing sound for event: minecraft:entity.goat.screaming.horn_break
[14Nov2024 23:10:07.489] [Render thread/INFO] [com.mojang.blaze3d.audio.Library/]: OpenAL initialized on device OpenAL Soft on Speakers (Razer USB Sound Card)
[14Nov2024 23:10:07.490] [Render thread/INFO] [net.minecraft.client.sounds.SoundEngine/SOUNDS]: Sound engine started
[14Nov2024 23:10:07.682] [Render thread/INFO] [net.minecraft.client.renderer.texture.TextureAtlas/]: Created: 1024x1024x4 minecraft:textures/atlas/blocks.png-atlas
[14Nov2024 23:10:07.701] [Render thread/INFO] [net.minecraft.client.renderer.texture.TextureAtlas/]: Created: 256x256x4 minecraft:textures/atlas/signs.png-atlas
[14Nov2024 23:10:07.702] [Render thread/INFO] [net.minecraft.client.renderer.texture.TextureAtlas/]: Created: 512x512x4 minecraft:textures/atlas/banner_patterns.png-atlas
[14Nov2024 23:10:07.702] [Render thread/INFO] [net.minecraft.client.renderer.texture.TextureAtlas/]: Created: 512x512x4 minecraft:textures/atlas/shield_patterns.png-atlas
[14Nov2024 23:10:07.703] [Render thread/INFO] [net.minecraft.client.renderer.texture.TextureAtlas/]: Created: 1024x1024x4 minecraft:textures/atlas/armor_trims.png-atlas
[14Nov2024 23:10:07.705] [Render thread/INFO] [net.minecraft.client.renderer.texture.TextureAtlas/]: Created: 256x256x4 minecraft:textures/atlas/chest.png-atlas
[14Nov2024 23:10:07.705] [Render thread/INFO] [net.minecraft.client.renderer.texture.TextureAtlas/]: Created: 128x64x4 minecraft:textures/atlas/decorated_pot.png-atlas
[14Nov2024 23:10:07.705] [Render thread/INFO] [net.minecraft.client.renderer.texture.TextureAtlas/]: Created: 512x256x4 minecraft:textures/atlas/shulker_boxes.png-atlas
[14Nov2024 23:10:07.705] [Render thread/INFO] [net.minecraft.client.renderer.texture.TextureAtlas/]: Created: 512x256x4 minecraft:textures/atlas/beds.png-atlas
[14Nov2024 23:10:07.897] [Render thread/INFO] [net.minecraft.client.renderer.texture.TextureAtlas/]: Created: 512x256x0 minecraft:textures/atlas/particles.png-atlas
[14Nov2024 23:10:07.899] [Render thread/INFO] [net.minecraft.client.renderer.texture.TextureAtlas/]: Created: 512x256x0 minecraft:textures/atlas/paintings.png-atlas
[14Nov2024 23:10:07.900] [Render thread/INFO] [net.minecraft.client.renderer.texture.TextureAtlas/]: Created: 256x128x0 minecraft:textures/atlas/mob_effects.png-atlas
[14Nov2024 23:10:07.900] [Render thread/INFO] [net.minecraft.client.renderer.texture.TextureAtlas/]: Created: 64x64x0 minecraft:textures/atlas/map_decorations.png-atlas
[14Nov2024 23:10:07.901] [Render thread/INFO] [net.minecraft.client.renderer.texture.TextureAtlas/]: Created: 1024x512x0 minecraft:textures/atlas/gui.png-atlas
[14Nov2024 23:10:07.940] [Render thread/WARN] [net.minecraft.client.renderer.ShaderInstance/]: Shader rendertype_entity_translucent_emissive could not find sampler named Sampler2 in the specified shader program.
[14Nov2024 23:10:08.135] [Render thread/INFO] [net.minecraft.client.renderer.texture.TextureAtlas/]: Created: 512x256x0 mekanism:textures/atlas/robit.png-atlas
[14Nov2024 23:10:18.229] [Render thread/ERROR] [net.minecraft.world.item.crafting.RecipeManager/]: Parsing error loading recipe mekanismasnails:crafting_shaped/thermoregulator_unit
com.google.gson.JsonParseException: Unknown registry key in ResourceKey[minecraft:root / minecraft:item]: toughasmekanism:module_thermoregulator_unit
	at MC-BOOTSTRAP/datafixerupper@8.0.16/com.mojang.serialization.DataResult$Error.getOrThrow(DataResult.java:287) ~[datafixerupper-8.0.16.jar%23118!/:?]
	at TRANSFORMER/minecraft@1.21/net.minecraft.world.item.crafting.RecipeManager.apply(RecipeManager.java:60) ~[neoforge-21.0.143.jar%23189!/:?]
	at TRANSFORMER/minecraft@1.21/net.minecraft.world.item.crafting.RecipeManager.apply(RecipeManager.java:36) ~[neoforge-21.0.143.jar%23189!/:?]
	at TRANSFORMER/minecraft@1.21/net.minecraft.server.packs.resources.SimplePreparableReloadListener.lambda$reload$1(SimplePreparableReloadListener.java:19) ~[neoforge-21.0.143.jar%23189!/:?]
	at java.base/java.util.concurrent.CompletableFuture$UniAccept.tryFire(CompletableFuture.java:718) ~[?:?]
	at java.base/java.util.concurrent.CompletableFuture$Completion.run(CompletableFuture.java:482) ~[?:?]
	at TRANSFORMER/minecraft@1.21/net.minecraft.server.packs.resources.SimpleReloadInstance.lambda$new$3(SimpleReloadInstance.java:86) ~[neoforge-21.0.143.jar%23189!/:?]
	at TRANSFORMER/minecraft@1.21/net.minecraft.util.thread.BlockableEventLoop.doRunTask(BlockableEventLoop.java:151) ~[neoforge-21.0.143.jar%23189!/:?]
	at TRANSFORMER/minecraft@1.21/net.minecraft.util.thread.ReentrantBlockableEventLoop.doRunTask(ReentrantBlockableEventLoop.java:24) ~[neoforge-21.0.143.jar%23189!/:?]
	at TRANSFORMER/minecraft@1.21/net.minecraft.util.thread.BlockableEventLoop.pollTask(BlockableEventLoop.java:122) ~[neoforge-21.0.143.jar%23189!/:?]
	at TRANSFORMER/minecraft@1.21/net.minecraft.util.thread.BlockableEventLoop.managedBlock(BlockableEventLoop.java:135) ~[neoforge-21.0.143.jar%23189!/:?]
	at TRANSFORMER/minecraft@1.21/net.minecraft.client.gui.screens.worldselection.CreateWorldScreen.openFresh(CreateWorldScreen.java:139) ~[neoforge-21.0.143.jar%23189!/:?]
	at TRANSFORMER/minecraft@1.21/net.minecraft.client.gui.screens.worldselection.WorldSelectionList.loadLevels(WorldSelectionList.java:201) ~[neoforge-21.0.143.jar%23189!/:?]
	at TRANSFORMER/minecraft@1.21/net.minecraft.client.gui.screens.worldselection.WorldSelectionList.<init>(WorldSelectionList.java:111) ~[neoforge-21.0.143.jar%23189!/:?]
	at TRANSFORMER/minecraft@1.21/net.minecraft.client.gui.screens.worldselection.SelectWorldScreen.init(SelectWorldScreen.java:40) ~[neoforge-21.0.143.jar%23189!/:?]
	at TRANSFORMER/minecraft@1.21/net.minecraft.client.gui.screens.Screen.init(Screen.java:337) ~[neoforge-21.0.143.jar%23189!/:?]
	at TRANSFORMER/minecraft@1.21/net.minecraft.client.Minecraft.setScreen(Minecraft.java:1063) ~[neoforge-21.0.143.jar%23189!/:?]
	at TRANSFORMER/minecraft@1.21/net.minecraft.client.gui.screens.TitleScreen.lambda$createNormalMenuOptions$7(TitleScreen.java:167) ~[neoforge-21.0.143.jar%23189!/:?]
	at TRANSFORMER/minecraft@1.21/net.minecraft.client.gui.components.Button.onPress(Button.java:41) ~[neoforge-21.0.143.jar%23189!/:?]
	at TRANSFORMER/minecraft@1.21/net.minecraft.client.gui.components.AbstractButton.onClick(AbstractButton.java:47) ~[neoforge-21.0.143.jar%23189!/:?]
	at TRANSFORMER/neoforge@21.0.143/net.neoforged.neoforge.client.extensions.IAbstractWidgetExtension.onClick(IAbstractWidgetExtension.java:36) ~[neoforge-21.0.143.jar%23190!/:?]
	at TRANSFORMER/minecraft@1.21/net.minecraft.client.gui.components.AbstractWidget.mouseClicked(AbstractWidget.java:163) ~[neoforge-21.0.143.jar%23189!/:?]
	at TRANSFORMER/minecraft@1.21/net.minecraft.client.gui.components.events.ContainerEventHandler.mouseClicked(ContainerEventHandler.java:52) ~[neoforge-21.0.143.jar%23189!/:?]
	at TRANSFORMER/minecraft@1.21/net.minecraft.client.gui.screens.TitleScreen.mouseClicked(TitleScreen.java:366) ~[neoforge-21.0.143.jar%23189!/:?]
	at TRANSFORMER/minecraft@1.21/net.minecraft.client.MouseHandler.lambda$onPress$0(MouseHandler.java:103) ~[neoforge-21.0.143.jar%23189!/:?]
	at TRANSFORMER/minecraft@1.21/net.minecraft.client.gui.screens.Screen.wrapScreenError(Screen.java:469) ~[neoforge-21.0.143.jar%23189!/:?]
	at TRANSFORMER/minecraft@1.21/net.minecraft.client.MouseHandler.onPress(MouseHandler.java:100) ~[neoforge-21.0.143.jar%23189!/:?]
	at TRANSFORMER/minecraft@1.21/net.minecraft.client.MouseHandler.lambda$setup$4(MouseHandler.java:212) ~[neoforge-21.0.143.jar%23189!/:?]
	at TRANSFORMER/minecraft@1.21/net.minecraft.util.thread.BlockableEventLoop.execute(BlockableEventLoop.java:98) ~[neoforge-21.0.143.jar%23189!/:?]
	at TRANSFORMER/minecraft@1.21/net.minecraft.client.MouseHandler.lambda$setup$5(MouseHandler.java:212) ~[neoforge-21.0.143.jar%23189!/:?]
	at MC-BOOTSTRAP/org.lwjgl.glfw@3.3.3+5/org.lwjgl.glfw.GLFWMouseButtonCallbackI.callback(GLFWMouseButtonCallbackI.java:43) ~[lwjgl-glfw-3.3.3.jar%23171!/:build 5]
	at MC-BOOTSTRAP/org.lwjgl@3.3.3+5/org.lwjgl.system.JNI.invokeV(Native Method) ~[lwjgl-3.3.3.jar%23182!/:build 5]
	at MC-BOOTSTRAP/org.lwjgl.glfw@3.3.3+5/org.lwjgl.glfw.GLFW.glfwWaitEventsTimeout(GLFW.java:3509) ~[lwjgl-glfw-3.3.3.jar%23171!/:build 5]
	at TRANSFORMER/minecraft@1.21/com.mojang.blaze3d.systems.RenderSystem.limitDisplayFPS(RenderSystem.java:162) ~[neoforge-21.0.143.jar%23189!/:?]
	at TRANSFORMER/minecraft@1.21/net.minecraft.client.Minecraft.runTick(Minecraft.java:1226) ~[neoforge-21.0.143.jar%23189!/:?]
	at TRANSFORMER/minecraft@1.21/net.minecraft.client.Minecraft.run(Minecraft.java:813) ~[neoforge-21.0.143.jar%23189!/:?]
	at TRANSFORMER/minecraft@1.21/net.minecraft.client.main.Main.main(Main.java:230) ~[neoforge-21.0.143.jar%23189!/:?]
	at java.base/jdk.internal.reflect.DirectMethodHandleAccessor.invoke(DirectMethodHandleAccessor.java:103) ~[?:?]
	at java.base/java.lang.reflect.Method.invoke(Method.java:580) ~[?:?]
	at MC-BOOTSTRAP/fml_loader@4.0.21/net.neoforged.fml.loading.targets.CommonLaunchHandler.runTarget(CommonLaunchHandler.java:136) ~[loader-4.0.21.jar%23143!/:4.0]
	at MC-BOOTSTRAP/fml_loader@4.0.21/net.neoforged.fml.loading.targets.CommonLaunchHandler.clientService(CommonLaunchHandler.java:124) ~[loader-4.0.21.jar%23143!/:4.0]
	at MC-BOOTSTRAP/fml_loader@4.0.21/net.neoforged.fml.loading.targets.NeoForgeClientUserdevLaunchHandler.runService(NeoForgeClientUserdevLaunchHandler.java:23) ~[loader-4.0.21.jar%23143!/:4.0]
	at MC-BOOTSTRAP/fml_loader@4.0.21/net.neoforged.fml.loading.targets.CommonLaunchHandler.lambda$launchService$4(CommonLaunchHandler.java:118) ~[loader-4.0.21.jar%23143!/:4.0]
	at MC-BOOTSTRAP/cpw.mods.modlauncher@11.0.4/cpw.mods.modlauncher.LaunchServiceHandlerDecorator.launch(LaunchServiceHandlerDecorator.java:30) [modlauncher-11.0.4.jar%23125!/:?]
	at MC-BOOTSTRAP/cpw.mods.modlauncher@11.0.4/cpw.mods.modlauncher.LaunchServiceHandler.launch(LaunchServiceHandler.java:53) [modlauncher-11.0.4.jar%23125!/:?]
	at MC-BOOTSTRAP/cpw.mods.modlauncher@11.0.4/cpw.mods.modlauncher.LaunchServiceHandler.launch(LaunchServiceHandler.java:71) [modlauncher-11.0.4.jar%23125!/:?]
	at MC-BOOTSTRAP/cpw.mods.modlauncher@11.0.4/cpw.mods.modlauncher.Launcher.run(Launcher.java:103) [modlauncher-11.0.4.jar%23125!/:?]
	at MC-BOOTSTRAP/cpw.mods.modlauncher@11.0.4/cpw.mods.modlauncher.Launcher.main(Launcher.java:74) [modlauncher-11.0.4.jar%23125!/:?]
	at MC-BOOTSTRAP/cpw.mods.modlauncher@11.0.4/cpw.mods.modlauncher.BootstrapLaunchConsumer.accept(BootstrapLaunchConsumer.java:26) [modlauncher-11.0.4.jar%23125!/:?]
	at MC-BOOTSTRAP/cpw.mods.modlauncher@11.0.4/cpw.mods.modlauncher.BootstrapLaunchConsumer.accept(BootstrapLaunchConsumer.java:23) [modlauncher-11.0.4.jar%23125!/:?]
	at cpw.mods.bootstraplauncher@2.0.2/cpw.mods.bootstraplauncher.BootstrapLauncher.run(BootstrapLauncher.java:210) [bootstraplauncher-2.0.2.jar:?]
	at cpw.mods.bootstraplauncher@2.0.2/cpw.mods.bootstraplauncher.BootstrapLauncher.main(BootstrapLauncher.java:69) [bootstraplauncher-2.0.2.jar:?]
[14Nov2024 23:10:18.238] [Render thread/ERROR] [net.minecraft.world.item.crafting.RecipeManager/]: Parsing error loading recipe mekanismasnails:crafting_shaped/hydration_unit
com.google.gson.JsonParseException: Unknown registry key in ResourceKey[minecraft:root / minecraft:item]: toughasmekanism:module_hydration_unit
	at MC-BOOTSTRAP/datafixerupper@8.0.16/com.mojang.serialization.DataResult$Error.getOrThrow(DataResult.java:287) ~[datafixerupper-8.0.16.jar%23118!/:?]
	at TRANSFORMER/minecraft@1.21/net.minecraft.world.item.crafting.RecipeManager.apply(RecipeManager.java:60) ~[neoforge-21.0.143.jar%23189!/:?]
	at TRANSFORMER/minecraft@1.21/net.minecraft.world.item.crafting.RecipeManager.apply(RecipeManager.java:36) ~[neoforge-21.0.143.jar%23189!/:?]
	at TRANSFORMER/minecraft@1.21/net.minecraft.server.packs.resources.SimplePreparableReloadListener.lambda$reload$1(SimplePreparableReloadListener.java:19) ~[neoforge-21.0.143.jar%23189!/:?]
	at java.base/java.util.concurrent.CompletableFuture$UniAccept.tryFire(CompletableFuture.java:718) ~[?:?]
	at java.base/java.util.concurrent.CompletableFuture$Completion.run(CompletableFuture.java:482) ~[?:?]
	at TRANSFORMER/minecraft@1.21/net.minecraft.server.packs.resources.SimpleReloadInstance.lambda$new$3(SimpleReloadInstance.java:86) ~[neoforge-21.0.143.jar%23189!/:?]
	at TRANSFORMER/minecraft@1.21/net.minecraft.util.thread.BlockableEventLoop.doRunTask(BlockableEventLoop.java:151) ~[neoforge-21.0.143.jar%23189!/:?]
	at TRANSFORMER/minecraft@1.21/net.minecraft.util.thread.ReentrantBlockableEventLoop.doRunTask(ReentrantBlockableEventLoop.java:24) ~[neoforge-21.0.143.jar%23189!/:?]
	at TRANSFORMER/minecraft@1.21/net.minecraft.util.thread.BlockableEventLoop.pollTask(BlockableEventLoop.java:122) ~[neoforge-21.0.143.jar%23189!/:?]
	at TRANSFORMER/minecraft@1.21/net.minecraft.util.thread.BlockableEventLoop.managedBlock(BlockableEventLoop.java:135) ~[neoforge-21.0.143.jar%23189!/:?]
	at TRANSFORMER/minecraft@1.21/net.minecraft.client.gui.screens.worldselection.CreateWorldScreen.openFresh(CreateWorldScreen.java:139) ~[neoforge-21.0.143.jar%23189!/:?]
	at TRANSFORMER/minecraft@1.21/net.minecraft.client.gui.screens.worldselection.WorldSelectionList.loadLevels(WorldSelectionList.java:201) ~[neoforge-21.0.143.jar%23189!/:?]
	at TRANSFORMER/minecraft@1.21/net.minecraft.client.gui.screens.worldselection.WorldSelectionList.<init>(WorldSelectionList.java:111) ~[neoforge-21.0.143.jar%23189!/:?]
	at TRANSFORMER/minecraft@1.21/net.minecraft.client.gui.screens.worldselection.SelectWorldScreen.init(SelectWorldScreen.java:40) ~[neoforge-21.0.143.jar%23189!/:?]
	at TRANSFORMER/minecraft@1.21/net.minecraft.client.gui.screens.Screen.init(Screen.java:337) ~[neoforge-21.0.143.jar%23189!/:?]
	at TRANSFORMER/minecraft@1.21/net.minecraft.client.Minecraft.setScreen(Minecraft.java:1063) ~[neoforge-21.0.143.jar%23189!/:?]
	at TRANSFORMER/minecraft@1.21/net.minecraft.client.gui.screens.TitleScreen.lambda$createNormalMenuOptions$7(TitleScreen.java:167) ~[neoforge-21.0.143.jar%23189!/:?]
	at TRANSFORMER/minecraft@1.21/net.minecraft.client.gui.components.Button.onPress(Button.java:41) ~[neoforge-21.0.143.jar%23189!/:?]
	at TRANSFORMER/minecraft@1.21/net.minecraft.client.gui.components.AbstractButton.onClick(AbstractButton.java:47) ~[neoforge-21.0.143.jar%23189!/:?]
	at TRANSFORMER/neoforge@21.0.143/net.neoforged.neoforge.client.extensions.IAbstractWidgetExtension.onClick(IAbstractWidgetExtension.java:36) ~[neoforge-21.0.143.jar%23190!/:?]
	at TRANSFORMER/minecraft@1.21/net.minecraft.client.gui.components.AbstractWidget.mouseClicked(AbstractWidget.java:163) ~[neoforge-21.0.143.jar%23189!/:?]
	at TRANSFORMER/minecraft@1.21/net.minecraft.client.gui.components.events.ContainerEventHandler.mouseClicked(ContainerEventHandler.java:52) ~[neoforge-21.0.143.jar%23189!/:?]
	at TRANSFORMER/minecraft@1.21/net.minecraft.client.gui.screens.TitleScreen.mouseClicked(TitleScreen.java:366) ~[neoforge-21.0.143.jar%23189!/:?]
	at TRANSFORMER/minecraft@1.21/net.minecraft.client.MouseHandler.lambda$onPress$0(MouseHandler.java:103) ~[neoforge-21.0.143.jar%23189!/:?]
	at TRANSFORMER/minecraft@1.21/net.minecraft.client.gui.screens.Screen.wrapScreenError(Screen.java:469) ~[neoforge-21.0.143.jar%23189!/:?]
	at TRANSFORMER/minecraft@1.21/net.minecraft.client.MouseHandler.onPress(MouseHandler.java:100) ~[neoforge-21.0.143.jar%23189!/:?]
	at TRANSFORMER/minecraft@1.21/net.minecraft.client.MouseHandler.lambda$setup$4(MouseHandler.java:212) ~[neoforge-21.0.143.jar%23189!/:?]
	at TRANSFORMER/minecraft@1.21/net.minecraft.util.thread.BlockableEventLoop.execute(BlockableEventLoop.java:98) ~[neoforge-21.0.143.jar%23189!/:?]
	at TRANSFORMER/minecraft@1.21/net.minecraft.client.MouseHandler.lambda$setup$5(MouseHandler.java:212) ~[neoforge-21.0.143.jar%23189!/:?]
	at MC-BOOTSTRAP/org.lwjgl.glfw@3.3.3+5/org.lwjgl.glfw.GLFWMouseButtonCallbackI.callback(GLFWMouseButtonCallbackI.java:43) ~[lwjgl-glfw-3.3.3.jar%23171!/:build 5]
	at MC-BOOTSTRAP/org.lwjgl@3.3.3+5/org.lwjgl.system.JNI.invokeV(Native Method) ~[lwjgl-3.3.3.jar%23182!/:build 5]
	at MC-BOOTSTRAP/org.lwjgl.glfw@3.3.3+5/org.lwjgl.glfw.GLFW.glfwWaitEventsTimeout(GLFW.java:3509) ~[lwjgl-glfw-3.3.3.jar%23171!/:build 5]
	at TRANSFORMER/minecraft@1.21/com.mojang.blaze3d.systems.RenderSystem.limitDisplayFPS(RenderSystem.java:162) ~[neoforge-21.0.143.jar%23189!/:?]
	at TRANSFORMER/minecraft@1.21/net.minecraft.client.Minecraft.runTick(Minecraft.java:1226) ~[neoforge-21.0.143.jar%23189!/:?]
	at TRANSFORMER/minecraft@1.21/net.minecraft.client.Minecraft.run(Minecraft.java:813) ~[neoforge-21.0.143.jar%23189!/:?]
	at TRANSFORMER/minecraft@1.21/net.minecraft.client.main.Main.main(Main.java:230) ~[neoforge-21.0.143.jar%23189!/:?]
	at java.base/jdk.internal.reflect.DirectMethodHandleAccessor.invoke(DirectMethodHandleAccessor.java:103) ~[?:?]
	at java.base/java.lang.reflect.Method.invoke(Method.java:580) ~[?:?]
	at MC-BOOTSTRAP/fml_loader@4.0.21/net.neoforged.fml.loading.targets.CommonLaunchHandler.runTarget(CommonLaunchHandler.java:136) ~[loader-4.0.21.jar%23143!/:4.0]
	at MC-BOOTSTRAP/fml_loader@4.0.21/net.neoforged.fml.loading.targets.CommonLaunchHandler.clientService(CommonLaunchHandler.java:124) ~[loader-4.0.21.jar%23143!/:4.0]
	at MC-BOOTSTRAP/fml_loader@4.0.21/net.neoforged.fml.loading.targets.NeoForgeClientUserdevLaunchHandler.runService(NeoForgeClientUserdevLaunchHandler.java:23) ~[loader-4.0.21.jar%23143!/:4.0]
	at MC-BOOTSTRAP/fml_loader@4.0.21/net.neoforged.fml.loading.targets.CommonLaunchHandler.lambda$launchService$4(CommonLaunchHandler.java:118) ~[loader-4.0.21.jar%23143!/:4.0]
	at MC-BOOTSTRAP/cpw.mods.modlauncher@11.0.4/cpw.mods.modlauncher.LaunchServiceHandlerDecorator.launch(LaunchServiceHandlerDecorator.java:30) [modlauncher-11.0.4.jar%23125!/:?]
	at MC-BOOTSTRAP/cpw.mods.modlauncher@11.0.4/cpw.mods.modlauncher.LaunchServiceHandler.launch(LaunchServiceHandler.java:53) [modlauncher-11.0.4.jar%23125!/:?]
	at MC-BOOTSTRAP/cpw.mods.modlauncher@11.0.4/cpw.mods.modlauncher.LaunchServiceHandler.launch(LaunchServiceHandler.java:71) [modlauncher-11.0.4.jar%23125!/:?]
	at MC-BOOTSTRAP/cpw.mods.modlauncher@11.0.4/cpw.mods.modlauncher.Launcher.run(Launcher.java:103) [modlauncher-11.0.4.jar%23125!/:?]
	at MC-BOOTSTRAP/cpw.mods.modlauncher@11.0.4/cpw.mods.modlauncher.Launcher.main(Launcher.java:74) [modlauncher-11.0.4.jar%23125!/:?]
	at MC-BOOTSTRAP/cpw.mods.modlauncher@11.0.4/cpw.mods.modlauncher.BootstrapLaunchConsumer.accept(BootstrapLaunchConsumer.java:26) [modlauncher-11.0.4.jar%23125!/:?]
	at MC-BOOTSTRAP/cpw.mods.modlauncher@11.0.4/cpw.mods.modlauncher.BootstrapLaunchConsumer.accept(BootstrapLaunchConsumer.java:23) [modlauncher-11.0.4.jar%23125!/:?]
	at cpw.mods.bootstraplauncher@2.0.2/cpw.mods.bootstraplauncher.BootstrapLauncher.run(BootstrapLauncher.java:210) [bootstraplauncher-2.0.2.jar:?]
	at cpw.mods.bootstraplauncher@2.0.2/cpw.mods.bootstraplauncher.BootstrapLauncher.main(BootstrapLauncher.java:69) [bootstraplauncher-2.0.2.jar:?]
[14Nov2024 23:10:18.265] [Render thread/INFO] [net.minecraft.world.item.crafting.RecipeManager/]: Loaded 2936 recipes
[14Nov2024 23:10:18.423] [Render thread/INFO] [net.minecraft.advancements.AdvancementTree/]: Loaded 1523 advancements
[14Nov2024 23:10:18.764] [Render thread/INFO] [EMI/]: [EMI] Recipes synchronized, waiting for tags to reload EMI...
[14Nov2024 23:10:20.204] [Server thread/INFO] [net.minecraft.client.server.IntegratedServer/]: Starting integrated minecraft server version 1.21
[14Nov2024 23:10:20.204] [Server thread/INFO] [net.minecraft.server.MinecraftServer/]: Generating keypair
[14Nov2024 23:10:22.795] [Server thread/INFO] [net.minecraft.server.MinecraftServer/]: Preparing start region for dimension minecraft:overworld
[14Nov2024 23:10:22.833] [progressListener/INFO] [net.minecraft.server.level.progress.LoggerChunkProgressListener/]: Preparing spawn area: 2%
[14Nov2024 23:10:23.306] [progressListener/INFO] [net.minecraft.server.level.progress.LoggerChunkProgressListener/]: Preparing spawn area: 2%
[14Nov2024 23:10:23.831] [progressListener/INFO] [net.minecraft.server.level.progress.LoggerChunkProgressListener/]: Preparing spawn area: 10%
[14Nov2024 23:10:24.309] [progressListener/INFO] [net.minecraft.server.level.progress.LoggerChunkProgressListener/]: Preparing spawn area: 18%
[14Nov2024 23:10:24.807] [progressListener/INFO] [net.minecraft.server.level.progress.LoggerChunkProgressListener/]: Preparing spawn area: 51%
[14Nov2024 23:10:25.126] [progressListener/INFO] [net.minecraft.server.level.progress.LoggerChunkProgressListener/]: Time elapsed: 2329 ms
[14Nov2024 23:10:25.127] [Server thread/INFO] [net.neoforged.neoforge.server.permission.PermissionAPI/]: Successfully initialized permission handler neoforge:default_handler
[14Nov2024 23:10:25.183] [Server thread/INFO] [net.minecraft.client.server.IntegratedServer/]: Changing view distance to 12, from 10
[14Nov2024 23:10:25.183] [Server thread/INFO] [net.minecraft.client.server.IntegratedServer/]: Changing simulation distance to 12, from 0
[14Nov2024 23:10:25.851] [Render thread/INFO] [EMI/]: [EMI] Recipes synchronized, waiting for tags to reload EMI...
[14Nov2024 23:10:25.999] [Server thread/INFO] [net.minecraft.server.players.PlayerList/]: Dev[local:E:f0505b60] logged in with entity id 25 at (82.5, 62.0, -5.5)
[14Nov2024 23:10:26.067] [Server thread/INFO] [net.minecraft.server.MinecraftServer/]: Dev joined the game
[14Nov2024 23:10:26.467] [Render thread/INFO] [EMI/]: [EMI] Tags synchronized, reloading EMI
[14Nov2024 23:10:26.468] [Render thread/INFO] [EMI/]: [EMI] Starting Reload
[14Nov2024 23:10:26.482] [Thread-14/INFO] [EMI/]: [EMI] Starting EMI reload...
[14Nov2024 23:10:26.483] [Thread-14/INFO] [EMI/]: [EMI] Clearing data
[14Nov2024 23:10:26.516] [Render thread/INFO] [snownee.jade.Jade/]: Received config from the server: 
[14Nov2024 23:10:26.530] [Render thread/INFO] [net.minecraft.client.gui.components.ChatComponent/]: [System] [CHAT] [Mekanism] Warning: Mekanism is currently in alpha, and is not recommended for widespread use in modpacks. There are likely to be game breaking bugs, and various other issues that you can read more about here.
[14Nov2024 23:10:26.545] [Render thread/INFO] [net.minecraft.advancements.AdvancementTree/]: Loaded 6 advancements
[14Nov2024 23:10:26.605] [Thread-14/INFO] [EMI/]: [EMI] Initializing plugin from emi
[14Nov2024 23:10:26.620] [Thread-14/INFO] [EMI/]: [EMI] Initialized plugin from emi in 9ms
[14Nov2024 23:10:26.620] [Thread-14/INFO] [EMI/]: [EMI] Initializing plugin from mekanism
[14Nov2024 23:10:26.620] [Thread-14/INFO] [EMI/]: [EMI] Initialized plugin from mekanism in 0ms
[14Nov2024 23:10:26.624] [Thread-14/INFO] [EMI/]: [EMI] Processing tags
[14Nov2024 23:10:26.640] [Thread-14/ERROR] [EMI/]: [EMI] Untranslated tag #toughasnails:cooling_armor
[14Nov2024 23:10:26.640] [Thread-14/ERROR] [EMI/]: [EMI] Untranslated tag #toughasnails:cooling_consumed_items
[14Nov2024 23:10:26.640] [Thread-14/ERROR] [EMI/]: [EMI] Untranslated tag #toughasnails:cooling_held_items
[14Nov2024 23:10:26.640] [Thread-14/ERROR] [EMI/]: [EMI] Untranslated tag #toughasnails:drinks
[14Nov2024 23:10:26.640] [Thread-14/ERROR] [EMI/]: [EMI] Untranslated tag #toughasnails:heating_armor
[14Nov2024 23:10:26.640] [Thread-14/ERROR] [EMI/]: [EMI] Untranslated tag #toughasnails:heating_consumed_items
[14Nov2024 23:10:26.640] [Thread-14/ERROR] [EMI/]: [EMI] Untranslated tag #toughasnails:heating_held_items
[14Nov2024 23:10:26.640] [Thread-14/ERROR] [EMI/]: [EMI] Untranslated tag #toughasnails:hydration/100_hydration_drinks
[14Nov2024 23:10:26.640] [Thread-14/ERROR] [EMI/]: [EMI] Untranslated tag #toughasnails:hydration/10_hydration_drinks
[14Nov2024 23:10:26.640] [Thread-14/ERROR] [EMI/]: [EMI] Untranslated tag #toughasnails:hydration/20_hydration_drinks
[14Nov2024 23:10:26.640] [Thread-14/ERROR] [EMI/]: [EMI] Untranslated tag #toughasnails:hydration/30_hydration_drinks
[14Nov2024 23:10:26.640] [Thread-14/ERROR] [EMI/]: [EMI] Untranslated tag #toughasnails:hydration/40_hydration_drinks
[14Nov2024 23:10:26.640] [Thread-14/ERROR] [EMI/]: [EMI] Untranslated tag #toughasnails:hydration/50_hydration_drinks
[14Nov2024 23:10:26.640] [Thread-14/ERROR] [EMI/]: [EMI] Untranslated tag #toughasnails:hydration/60_hydration_drinks
[14Nov2024 23:10:26.640] [Thread-14/ERROR] [EMI/]: [EMI] Untranslated tag #toughasnails:hydration/70_hydration_drinks
[14Nov2024 23:10:26.640] [Thread-14/ERROR] [EMI/]: [EMI] Untranslated tag #toughasnails:hydration/80_hydration_drinks
[14Nov2024 23:10:26.640] [Thread-14/ERROR] [EMI/]: [EMI] Untranslated tag #toughasnails:poison_chance/100_poison_chance_drinks
[14Nov2024 23:10:26.640] [Thread-14/ERROR] [EMI/]: [EMI] Untranslated tag #toughasnails:poison_chance/25_poison_chance_drinks
[14Nov2024 23:10:26.640] [Thread-14/ERROR] [EMI/]: [EMI] Untranslated tag #toughasnails:poison_chance/75_poison_chance_drinks
[14Nov2024 23:10:26.640] [Thread-14/ERROR] [EMI/]: [EMI] Untranslated tag #toughasnails:thermoregulator_cooling_fuel
[14Nov2024 23:10:26.640] [Thread-14/ERROR] [EMI/]: [EMI] Untranslated tag #toughasnails:thermoregulator_heating_fuel
[14Nov2024 23:10:26.640] [Thread-14/ERROR] [EMI/]: [EMI] Untranslated tag #toughasnails:thirst/10_thirst_drinks
[14Nov2024 23:10:26.640] [Thread-14/ERROR] [EMI/]: [EMI] Untranslated tag #toughasnails:thirst/1_thirst_drinks
[14Nov2024 23:10:26.640] [Thread-14/ERROR] [EMI/]: [EMI] Untranslated tag #toughasnails:thirst/2_thirst_drinks
[14Nov2024 23:10:26.640] [Thread-14/ERROR] [EMI/]: [EMI] Untranslated tag #toughasnails:thirst/3_thirst_drinks
[14Nov2024 23:10:26.640] [Thread-14/ERROR] [EMI/]: [EMI] Untranslated tag #toughasnails:thirst/5_thirst_drinks
[14Nov2024 23:10:26.640] [Thread-14/ERROR] [EMI/]: [EMI] Untranslated tag #toughasnails:thirst/6_thirst_drinks
[14Nov2024 23:10:26.640] [Thread-14/ERROR] [EMI/]: [EMI] Untranslated tag #toughasnails:thirst/7_thirst_drinks
[14Nov2024 23:10:26.640] [Thread-14/ERROR] [EMI/]: [EMI] Untranslated tag #toughasnails:thirst/8_thirst_drinks
[14Nov2024 23:10:26.640] [Thread-14/INFO] [EMI/]: [EMI]  Tag warning can be disabled in the config, EMI docs describe how to add a translation or exclude tags.
[14Nov2024 23:10:26.656] [Thread-14/ERROR] [EMI/]: [EMI] Untranslated tag #create:no_infinite_draining
[14Nov2024 23:10:26.656] [Thread-14/INFO] [EMI/]: [EMI]  Tag warning can be disabled in the config, EMI docs describe how to add a translation or exclude tags.
[14Nov2024 23:10:26.657] [Thread-14/INFO] [EMI/]: [EMI] Constructing index
[14Nov2024 23:10:26.965] [Thread-14/INFO] [EMI/]: [EMI] Loading plugin from emi
[14Nov2024 23:10:27.299] [Thread-14/INFO] [EMI/]: [EMI] Reloaded plugin from emi in 334ms
[14Nov2024 23:10:27.299] [Thread-14/INFO] [EMI/]: [EMI] Loading plugin from mekanism
[14Nov2024 23:10:27.475] [Thread-14/INFO] [EMI/]: [EMI] Reloaded plugin from mekanism in 175ms
[14Nov2024 23:10:27.475] [Thread-14/INFO] [EMI/]: [EMI] Baking index
[14Nov2024 23:10:27.520] [Thread-14/INFO] [EMI/]: [EMI] Registering late recipes
[14Nov2024 23:10:27.520] [Thread-14/INFO] [EMI/]: [EMI] Baking recipes
[14Nov2024 23:10:27.634] [Thread-14/INFO] [EMI/]: [EMI] Baked 5318 recipes in 108ms
[14Nov2024 23:10:27.638] [Thread-14/INFO] [EMI/]: [EMI] Baking search
[14Nov2024 23:10:27.698] [Thread-15/INFO] [EMI/]: [EMI] Baked recipes after reload in 69ms
[14Nov2024 23:10:27.960] [Thread-14/INFO] [EMI/]: [EMI] Finishing up
[14Nov2024 23:10:28.025] [Thread-14/INFO] [EMI/]: [EMI] Reloaded EMI in 1542ms
[14Nov2024 23:11:11.636] [Server thread/INFO] [net.minecraft.server.MinecraftServer/]: Dev has made the advancement [Get Your Tweak On]
[14Nov2024 23:11:11.651] [Render thread/INFO] [net.minecraft.client.gui.components.ChatComponent/]: [System] [CHAT] Dev has made the advancement [Get Your Tweak On]
[14Nov2024 23:11:11.701] [Render thread/INFO] [net.minecraft.advancements.AdvancementTree/]: Loaded 11 advancements
[14Nov2024 23:11:34.266] [Server thread/INFO] [net.minecraft.server.MinecraftServer/]: [Dev: Set own game mode to Survival Mode]
[14Nov2024 23:11:34.277] [Render thread/INFO] [net.minecraft.client.gui.components.ChatComponent/]: [System] [CHAT] Set own game mode to Survival Mode
[14Nov2024 23:11:34.967] [Render thread/ERROR] [net.neoforged.bus.EventBus/EVENTBUS]: Exception caught during firing event: Class net.neoforged.neoforge.common.Tags$Items does not have member field 'net.minecraft.tags.TagKey TOOLS_SHEARS'
	Index: 0
	Listeners:
		0: snownee.jade.util.ClientProxy$$Lambda/0x000001a4ccea4120@4b59f70d
		1: net.neoforged.bus.EventListenerFactory$tickEnd/0x000001a4cd53d000@712d42ed
java.lang.NoSuchFieldError: Class net.neoforged.neoforge.common.Tags$Items does not have member field 'net.minecraft.tags.TagKey TOOLS_SHEARS'
	at TRANSFORMER/jade@15.0.4+neoforge/snownee.jade.util.CommonProxy.isShears(CommonProxy.java:208)
	at TRANSFORMER/jade@15.0.4+neoforge/snownee.jade.addon.harvest.HarvestToolProvider.getText(HarvestToolProvider.java:160)
	at TRANSFORMER/jade@15.0.4+neoforge/snownee.jade.addon.harvest.HarvestToolProvider.appendTooltip(HarvestToolProvider.java:121)
	at TRANSFORMER/jade@15.0.4+neoforge/snownee.jade.addon.harvest.HarvestToolProvider.appendTooltip(HarvestToolProvider.java:41)
	at TRANSFORMER/jade@15.0.4+neoforge/snownee.jade.impl.BlockAccessorClientHandler.gatherComponents(BlockAccessorClientHandler.java:93)
	at TRANSFORMER/jade@15.0.4+neoforge/snownee.jade.impl.BlockAccessorClientHandler.gatherComponents(BlockAccessorClientHandler.java:24)
	at TRANSFORMER/jade@15.0.4+neoforge/snownee.jade.overlay.WailaTickHandler.tickClient(WailaTickHandler.java:194)
	at TRANSFORMER/jade@15.0.4+neoforge/snownee.jade.util.ClientProxy.onClientTick(ClientProxy.java:176)
	at MC-BOOTSTRAP/net.neoforged.bus/net.neoforged.bus.ConsumerEventHandler.invoke(ConsumerEventHandler.java:26)
	at MC-BOOTSTRAP/net.neoforged.bus/net.neoforged.bus.EventBus.post(EventBus.java:350)
	at MC-BOOTSTRAP/net.neoforged.bus/net.neoforged.bus.EventBus.post(EventBus.java:315)
	at TRANSFORMER/neoforge@21.0.143/net.neoforged.neoforge.client.ClientHooks.fireClientTickPost(ClientHooks.java:1069)
	at TRANSFORMER/minecraft@1.21/net.minecraft.client.Minecraft.tick(Minecraft.java:1927)
	at TRANSFORMER/minecraft@1.21/net.minecraft.client.Minecraft.runTick(Minecraft.java:1167)
	at TRANSFORMER/minecraft@1.21/net.minecraft.client.Minecraft.run(Minecraft.java:813)
	at TRANSFORMER/minecraft@1.21/net.minecraft.client.main.Main.main(Main.java:230)
	at java.base/jdk.internal.reflect.DirectMethodHandleAccessor.invoke(DirectMethodHandleAccessor.java:103)
	at java.base/java.lang.reflect.Method.invoke(Method.java:580)
	at MC-BOOTSTRAP/fml_loader@4.0.21/net.neoforged.fml.loading.targets.CommonLaunchHandler.runTarget(CommonLaunchHandler.java:136)
	at MC-BOOTSTRAP/fml_loader@4.0.21/net.neoforged.fml.loading.targets.CommonLaunchHandler.clientService(CommonLaunchHandler.java:124)
	at MC-BOOTSTRAP/fml_loader@4.0.21/net.neoforged.fml.loading.targets.NeoForgeClientUserdevLaunchHandler.runService(NeoForgeClientUserdevLaunchHandler.java:23)
	at MC-BOOTSTRAP/fml_loader@4.0.21/net.neoforged.fml.loading.targets.CommonLaunchHandler.lambda$launchService$4(CommonLaunchHandler.java:118)
	at MC-BOOTSTRAP/cpw.mods.modlauncher@11.0.4/cpw.mods.modlauncher.LaunchServiceHandlerDecorator.launch(LaunchServiceHandlerDecorator.java:30)
	at MC-BOOTSTRAP/cpw.mods.modlauncher@11.0.4/cpw.mods.modlauncher.LaunchServiceHandler.launch(LaunchServiceHandler.java:53)
	at MC-BOOTSTRAP/cpw.mods.modlauncher@11.0.4/cpw.mods.modlauncher.LaunchServiceHandler.launch(LaunchServiceHandler.java:71)
	at MC-BOOTSTRAP/cpw.mods.modlauncher@11.0.4/cpw.mods.modlauncher.Launcher.run(Launcher.java:103)
	at MC-BOOTSTRAP/cpw.mods.modlauncher@11.0.4/cpw.mods.modlauncher.Launcher.main(Launcher.java:74)
	at MC-BOOTSTRAP/cpw.mods.modlauncher@11.0.4/cpw.mods.modlauncher.BootstrapLaunchConsumer.accept(BootstrapLaunchConsumer.java:26)
	at MC-BOOTSTRAP/cpw.mods.modlauncher@11.0.4/cpw.mods.modlauncher.BootstrapLaunchConsumer.accept(BootstrapLaunchConsumer.java:23)
	at cpw.mods.bootstraplauncher@2.0.2/cpw.mods.bootstraplauncher.BootstrapLauncher.run(BootstrapLauncher.java:210)
	at cpw.mods.bootstraplauncher@2.0.2/cpw.mods.bootstraplauncher.BootstrapLauncher.main(BootstrapLauncher.java:69)

[14Nov2024 23:11:34.968] [Render thread/ERROR] [net.minecraft.client.Minecraft/FATAL]: Unreported exception thrown!
java.lang.NoSuchFieldError: Class net.neoforged.neoforge.common.Tags$Items does not have member field 'net.minecraft.tags.TagKey TOOLS_SHEARS'
	at TRANSFORMER/jade@15.0.4+neoforge/snownee.jade.util.CommonProxy.isShears(CommonProxy.java:208) ~[jade-15.0.4+neoforge.jar%23196!/:15.0.4+neoforge]
	at TRANSFORMER/jade@15.0.4+neoforge/snownee.jade.addon.harvest.HarvestToolProvider.getText(HarvestToolProvider.java:160) ~[jade-15.0.4+neoforge.jar%23196!/:15.0.4+neoforge]
	at TRANSFORMER/jade@15.0.4+neoforge/snownee.jade.addon.harvest.HarvestToolProvider.appendTooltip(HarvestToolProvider.java:121) ~[jade-15.0.4+neoforge.jar%23196!/:15.0.4+neoforge]
	at TRANSFORMER/jade@15.0.4+neoforge/snownee.jade.addon.harvest.HarvestToolProvider.appendTooltip(HarvestToolProvider.java:41) ~[jade-15.0.4+neoforge.jar%23196!/:15.0.4+neoforge]
	at TRANSFORMER/jade@15.0.4+neoforge/snownee.jade.impl.BlockAccessorClientHandler.gatherComponents(BlockAccessorClientHandler.java:93) ~[jade-15.0.4+neoforge.jar%23196!/:15.0.4+neoforge]
	at TRANSFORMER/jade@15.0.4+neoforge/snownee.jade.impl.BlockAccessorClientHandler.gatherComponents(BlockAccessorClientHandler.java:24) ~[jade-15.0.4+neoforge.jar%23196!/:15.0.4+neoforge]
	at TRANSFORMER/jade@15.0.4+neoforge/snownee.jade.overlay.WailaTickHandler.tickClient(WailaTickHandler.java:194) ~[jade-15.0.4+neoforge.jar%23196!/:15.0.4+neoforge]
	at TRANSFORMER/jade@15.0.4+neoforge/snownee.jade.util.ClientProxy.onClientTick(ClientProxy.java:176) ~[jade-15.0.4+neoforge.jar%23196!/:15.0.4+neoforge]
	at MC-BOOTSTRAP/net.neoforged.bus/net.neoforged.bus.ConsumerEventHandler.invoke(ConsumerEventHandler.java:26) ~[bus-8.0.1.jar%23147!/:?]
	at MC-BOOTSTRAP/net.neoforged.bus/net.neoforged.bus.EventBus.post(EventBus.java:350) ~[bus-8.0.1.jar%23147!/:?]
	at MC-BOOTSTRAP/net.neoforged.bus/net.neoforged.bus.EventBus.post(EventBus.java:315) ~[bus-8.0.1.jar%23147!/:?]
	at TRANSFORMER/neoforge@21.0.143/net.neoforged.neoforge.client.ClientHooks.fireClientTickPost(ClientHooks.java:1069) ~[neoforge-21.0.143.jar%23190!/:?]
	at TRANSFORMER/minecraft@1.21/net.minecraft.client.Minecraft.tick(Minecraft.java:1927) ~[neoforge-21.0.143.jar%23189!/:?]
	at TRANSFORMER/minecraft@1.21/net.minecraft.client.Minecraft.runTick(Minecraft.java:1167) ~[neoforge-21.0.143.jar%23189!/:?]
	at TRANSFORMER/minecraft@1.21/net.minecraft.client.Minecraft.run(Minecraft.java:813) ~[neoforge-21.0.143.jar%23189!/:?]
	at TRANSFORMER/minecraft@1.21/net.minecraft.client.main.Main.main(Main.java:230) ~[neoforge-21.0.143.jar%23189!/:?]
	at java.base/jdk.internal.reflect.DirectMethodHandleAccessor.invoke(DirectMethodHandleAccessor.java:103) ~[?:?]
	at java.base/java.lang.reflect.Method.invoke(Method.java:580) ~[?:?]
	at MC-BOOTSTRAP/fml_loader@4.0.21/net.neoforged.fml.loading.targets.CommonLaunchHandler.runTarget(CommonLaunchHandler.java:136) ~[loader-4.0.21.jar%23143!/:4.0]
	at MC-BOOTSTRAP/fml_loader@4.0.21/net.neoforged.fml.loading.targets.CommonLaunchHandler.clientService(CommonLaunchHandler.java:124) ~[loader-4.0.21.jar%23143!/:4.0]
	at MC-BOOTSTRAP/fml_loader@4.0.21/net.neoforged.fml.loading.targets.NeoForgeClientUserdevLaunchHandler.runService(NeoForgeClientUserdevLaunchHandler.java:23) ~[loader-4.0.21.jar%23143!/:4.0]
	at MC-BOOTSTRAP/fml_loader@4.0.21/net.neoforged.fml.loading.targets.CommonLaunchHandler.lambda$launchService$4(CommonLaunchHandler.java:118) ~[loader-4.0.21.jar%23143!/:4.0]
	at MC-BOOTSTRAP/cpw.mods.modlauncher@11.0.4/cpw.mods.modlauncher.LaunchServiceHandlerDecorator.launch(LaunchServiceHandlerDecorator.java:30) [modlauncher-11.0.4.jar%23125!/:?]
	at MC-BOOTSTRAP/cpw.mods.modlauncher@11.0.4/cpw.mods.modlauncher.LaunchServiceHandler.launch(LaunchServiceHandler.java:53) [modlauncher-11.0.4.jar%23125!/:?]
	at MC-BOOTSTRAP/cpw.mods.modlauncher@11.0.4/cpw.mods.modlauncher.LaunchServiceHandler.launch(LaunchServiceHandler.java:71) [modlauncher-11.0.4.jar%23125!/:?]
	at MC-BOOTSTRAP/cpw.mods.modlauncher@11.0.4/cpw.mods.modlauncher.Launcher.run(Launcher.java:103) [modlauncher-11.0.4.jar%23125!/:?]
	at MC-BOOTSTRAP/cpw.mods.modlauncher@11.0.4/cpw.mods.modlauncher.Launcher.main(Launcher.java:74) [modlauncher-11.0.4.jar%23125!/:?]
	at MC-BOOTSTRAP/cpw.mods.modlauncher@11.0.4/cpw.mods.modlauncher.BootstrapLaunchConsumer.accept(BootstrapLaunchConsumer.java:26) [modlauncher-11.0.4.jar%23125!/:?]
	at MC-BOOTSTRAP/cpw.mods.modlauncher@11.0.4/cpw.mods.modlauncher.BootstrapLaunchConsumer.accept(BootstrapLaunchConsumer.java:23) [modlauncher-11.0.4.jar%23125!/:?]
	at cpw.mods.bootstraplauncher@2.0.2/cpw.mods.bootstraplauncher.BootstrapLauncher.run(BootstrapLauncher.java:210) [bootstraplauncher-2.0.2.jar:?]
	at cpw.mods.bootstraplauncher@2.0.2/cpw.mods.bootstraplauncher.BootstrapLauncher.main(BootstrapLauncher.java:69) [bootstraplauncher-2.0.2.jar:?]
[14Nov2024 23:11:35.294] [Server thread/INFO] [net.minecraft.server.MinecraftServer/]: Stopping server
[14Nov2024 23:11:35.296] [Server thread/INFO] [net.minecraft.server.MinecraftServer/]: Saving players
[14Nov2024 23:11:35.322] [Server thread/INFO] [net.minecraft.server.MinecraftServer/]: Saving worlds
[14Nov2024 23:11:36.484] [Server thread/INFO] [net.minecraft.server.MinecraftServer/]: Saving chunks for level 'ServerLevel[New World]'/minecraft:overworld
[14Nov2024 23:11:36.576] [Server thread/INFO] [net.minecraft.server.MinecraftServer/]: Saving chunks for level 'ServerLevel[New World]'/minecraft:the_nether
[14Nov2024 23:11:36.580] [Server thread/INFO] [net.minecraft.server.MinecraftServer/]: Saving chunks for level 'ServerLevel[New World]'/minecraft:the_end
[14Nov2024 23:11:36.588] [Server thread/INFO] [net.minecraft.server.MinecraftServer/]: ThreadedAnvilChunkStorage (New World): All chunks are saved
[14Nov2024 23:11:36.588] [Server thread/INFO] [net.minecraft.server.MinecraftServer/]: ThreadedAnvilChunkStorage (DIM-1): All chunks are saved
[14Nov2024 23:11:36.588] [Server thread/INFO] [net.minecraft.server.MinecraftServer/]: ThreadedAnvilChunkStorage (DIM1): All chunks are saved
[14Nov2024 23:11:36.588] [Server thread/INFO] [net.minecraft.server.MinecraftServer/]: ThreadedAnvilChunkStorage: All dimensions are saved
[14Nov2024 23:11:36.622] [Render thread/INFO] [EMI/]: [EMI] Disconnecting from server, EMI data cleared
[14Nov2024 23:11:36.622] [Thread-20/INFO] [EMI/]: [EMI] Clearing data
[14Nov2024 23:11:36.784] [Render thread/FATAL] [net.neoforged.neoforge.common.NeoForgeMod/]: Preparing crash report with UUID 5c396986-d6c5-420d-a873-6581a0c0a945
[14Nov2024 23:11:36.792] [Render thread/FATAL] [net.neoforged.neoforge.common.NeoForgeMod/]: Preparing crash report with UUID ac430865-7f63-483d-af7e-20264a0937cf
